Timestamp: 2025-03-11 16:12:02
NAME                    CPU(cores)   CPU%   MEMORY(bytes)   MEMORY%   
lserfilippi-fgiorgi-1   148m         1%     8502Mi          53%       
lserfilippi-fgiorgi-2   60m          0%     2001Mi          25%       
lserfilippi-fgiorgi-3   51m          0%     1718Mi          21%       
lserfilippi-fgiorgi-4   45m          0%     1934Mi          24%       
Timestamp: 2025-03-11 16:12:03
NAME                    CPU(cores)   CPU%   MEMORY(bytes)   MEMORY%   
lserfilippi-fgiorgi-1   148m         1%     8502Mi          53%       
lserfilippi-fgiorgi-2   60m          0%     2001Mi          25%       
lserfilippi-fgiorgi-3   51m          0%     1718Mi          21%       
lserfilippi-fgiorgi-4   45m          0%     1934Mi          24%       
Timestamp: 2025-03-11 16:12:04
NAME                    CPU(cores)   CPU%   MEMORY(bytes)   MEMORY%   
lserfilippi-fgiorgi-1   148m         1%     8502Mi          53%       
lserfilippi-fgiorgi-2   60m          0%     2001Mi          25%       
lserfilippi-fgiorgi-3   51m          0%     1718Mi          21%       
lserfilippi-fgiorgi-4   45m          0%     1934Mi          24%       
Timestamp: 2025-03-11 16:12:05
NAME                    CPU(cores)   CPU%   MEMORY(bytes)   MEMORY%   
lserfilippi-fgiorgi-1   148m         1%     8502Mi          53%       
lserfilippi-fgiorgi-2   60m          0%     2001Mi          25%       
lserfilippi-fgiorgi-3   51m          0%     1718Mi          21%       
lserfilippi-fgiorgi-4   45m          0%     1934Mi          24%       
Timestamp: 2025-03-11 16:12:06
NAME                    CPU(cores)   CPU%   MEMORY(bytes)   MEMORY%   
lserfilippi-fgiorgi-1   148m         1%     8502Mi          53%       
lserfilippi-fgiorgi-2   60m          0%     2001Mi          25%       
lserfilippi-fgiorgi-3   51m          0%     1718Mi          21%       
lserfilippi-fgiorgi-4   45m          0%     1934Mi          24%       
Timestamp: 2025-03-11 16:12:07
NAME                    CPU(cores)   CPU%   MEMORY(bytes)   MEMORY%   
lserfilippi-fgiorgi-1   148m         1%     8502Mi          53%       
lserfilippi-fgiorgi-2   60m          0%     2001Mi          25%       
lserfilippi-fgiorgi-3   51m          0%     1718Mi          21%       
lserfilippi-fgiorgi-4   45m          0%     1934Mi          24%       
Timestamp: 2025-03-11 16:12:08
NAME                    CPU(cores)   CPU%   MEMORY(bytes)   MEMORY%   
lserfilippi-fgiorgi-1   312m         3%     8526Mi          53%       
lserfilippi-fgiorgi-2   210m         2%     1968Mi          25%       
lserfilippi-fgiorgi-3   58m          0%     1719Mi          21%       
lserfilippi-fgiorgi-4   66m          0%     1937Mi          24%       
Timestamp: 2025-03-11 16:12:09
NAME                    CPU(cores)   CPU%   MEMORY(bytes)   MEMORY%   
lserfilippi-fgiorgi-1   312m         3%     8526Mi          53%       
lserfilippi-fgiorgi-2   210m         2%     1968Mi          25%       
lserfilippi-fgiorgi-3   58m          0%     1719Mi          21%       
lserfilippi-fgiorgi-4   66m          0%     1937Mi          24%       
Timestamp: 2025-03-11 16:12:11
NAME                    CPU(cores)   CPU%   MEMORY(bytes)   MEMORY%   
lserfilippi-fgiorgi-1   312m         3%     8526Mi          53%       
lserfilippi-fgiorgi-2   210m         2%     1968Mi          25%       
lserfilippi-fgiorgi-3   58m          0%     1719Mi          21%       
lserfilippi-fgiorgi-4   66m          0%     1937Mi          24%       
Timestamp: 2025-03-11 16:12:12
NAME                    CPU(cores)   CPU%   MEMORY(bytes)   MEMORY%   
lserfilippi-fgiorgi-1   312m         3%     8526Mi          53%       
lserfilippi-fgiorgi-2   210m         2%     1968Mi          25%       
lserfilippi-fgiorgi-3   58m          0%     1719Mi          21%       
lserfilippi-fgiorgi-4   66m          0%     1937Mi          24%       
Timestamp: 2025-03-11 16:12:13
NAME                    CPU(cores)   CPU%   MEMORY(bytes)   MEMORY%   
lserfilippi-fgiorgi-1   312m         3%     8526Mi          53%       
lserfilippi-fgiorgi-2   210m         2%     1968Mi          25%       
lserfilippi-fgiorgi-3   58m          0%     1719Mi          21%       
lserfilippi-fgiorgi-4   66m          0%     1937Mi          24%       
Timestamp: 2025-03-11 16:12:14
NAME                    CPU(cores)   CPU%   MEMORY(bytes)   MEMORY%   
lserfilippi-fgiorgi-1   312m         3%     8526Mi          53%       
lserfilippi-fgiorgi-2   210m         2%     1968Mi          25%       
lserfilippi-fgiorgi-3   58m          0%     1719Mi          21%       
lserfilippi-fgiorgi-4   66m          0%     1937Mi          24%       
Timestamp: 2025-03-11 16:12:15
NAME                    CPU(cores)   CPU%   MEMORY(bytes)   MEMORY%   
lserfilippi-fgiorgi-1   312m         3%     8526Mi          53%       
lserfilippi-fgiorgi-2   210m         2%     1968Mi          25%       
lserfilippi-fgiorgi-3   58m          0%     1719Mi          21%       
lserfilippi-fgiorgi-4   66m          0%     1937Mi          24%       
Timestamp: 2025-03-11 16:12:16
NAME                    CPU(cores)   CPU%   MEMORY(bytes)   MEMORY%   
lserfilippi-fgiorgi-1   312m         3%     8526Mi          53%       
lserfilippi-fgiorgi-2   210m         2%     1968Mi          25%       
lserfilippi-fgiorgi-3   58m          0%     1719Mi          21%       
lserfilippi-fgiorgi-4   66m          0%     1937Mi          24%       
Timestamp: 2025-03-11 16:12:17
NAME                    CPU(cores)   CPU%   MEMORY(bytes)   MEMORY%   
lserfilippi-fgiorgi-1   312m         3%     8526Mi          53%       
lserfilippi-fgiorgi-2   210m         2%     1968Mi          25%       
lserfilippi-fgiorgi-3   58m          0%     1719Mi          21%       
lserfilippi-fgiorgi-4   66m          0%     1937Mi          24%       
Timestamp: 2025-03-11 16:12:18
NAME                    CPU(cores)   CPU%   MEMORY(bytes)   MEMORY%   
lserfilippi-fgiorgi-1   312m         3%     8526Mi          53%       
lserfilippi-fgiorgi-2   210m         2%     1968Mi          25%       
lserfilippi-fgiorgi-3   58m          0%     1719Mi          21%       
lserfilippi-fgiorgi-4   66m          0%     1937Mi          24%       
Timestamp: 2025-03-11 16:12:19
NAME                    CPU(cores)   CPU%   MEMORY(bytes)   MEMORY%   
lserfilippi-fgiorgi-1   312m         3%     8526Mi          53%       
lserfilippi-fgiorgi-2   210m         2%     1968Mi          25%       
lserfilippi-fgiorgi-3   58m          0%     1719Mi          21%       
lserfilippi-fgiorgi-4   66m          0%     1937Mi          24%       
Timestamp: 2025-03-11 16:12:20
NAME                    CPU(cores)   CPU%   MEMORY(bytes)   MEMORY%   
lserfilippi-fgiorgi-1   312m         3%     8526Mi          53%       
lserfilippi-fgiorgi-2   210m         2%     1968Mi          25%       
lserfilippi-fgiorgi-3   58m          0%     1719Mi          21%       
lserfilippi-fgiorgi-4   66m          0%     1937Mi          24%       
Timestamp: 2025-03-11 16:12:21
NAME                    CPU(cores)   CPU%   MEMORY(bytes)   MEMORY%   
lserfilippi-fgiorgi-1   312m         3%     8526Mi          53%       
lserfilippi-fgiorgi-2   210m         2%     1968Mi          25%       
lserfilippi-fgiorgi-3   58m          0%     1719Mi          21%       
lserfilippi-fgiorgi-4   66m          0%     1937Mi          24%       
Timestamp: 2025-03-11 16:12:22
NAME                    CPU(cores)   CPU%   MEMORY(bytes)   MEMORY%   
lserfilippi-fgiorgi-1   312m         3%     8526Mi          53%       
lserfilippi-fgiorgi-2   210m         2%     1968Mi          25%       
lserfilippi-fgiorgi-3   58m          0%     1719Mi          21%       
lserfilippi-fgiorgi-4   66m          0%     1937Mi          24%       
Timestamp: 2025-03-11 16:12:23
NAME                    CPU(cores)   CPU%   MEMORY(bytes)   MEMORY%   
lserfilippi-fgiorgi-1   321m         4%     8526Mi          53%       
lserfilippi-fgiorgi-2   418m         5%     1966Mi          25%       
lserfilippi-fgiorgi-3   56m          0%     1719Mi          21%       
lserfilippi-fgiorgi-4   52m          0%     1938Mi          24%       
Timestamp: 2025-03-11 16:12:25
NAME                    CPU(cores)   CPU%   MEMORY(bytes)   MEMORY%   
lserfilippi-fgiorgi-1   321m         4%     8526Mi          53%       
lserfilippi-fgiorgi-2   418m         5%     1966Mi          25%       
lserfilippi-fgiorgi-3   56m          0%     1719Mi          21%       
lserfilippi-fgiorgi-4   52m          0%     1938Mi          24%       
Timestamp: 2025-03-11 16:12:26
NAME                    CPU(cores)   CPU%   MEMORY(bytes)   MEMORY%   
lserfilippi-fgiorgi-1   321m         4%     8526Mi          53%       
lserfilippi-fgiorgi-2   418m         5%     1966Mi          25%       
lserfilippi-fgiorgi-3   56m          0%     1719Mi          21%       
lserfilippi-fgiorgi-4   52m          0%     1938Mi          24%       
Timestamp: 2025-03-11 16:12:27
NAME                    CPU(cores)   CPU%   MEMORY(bytes)   MEMORY%   
lserfilippi-fgiorgi-1   321m         4%     8526Mi          53%       
lserfilippi-fgiorgi-2   418m         5%     1966Mi          25%       
lserfilippi-fgiorgi-3   56m          0%     1719Mi          21%       
lserfilippi-fgiorgi-4   52m          0%     1938Mi          24%       
Timestamp: 2025-03-11 16:12:28
NAME                    CPU(cores)   CPU%   MEMORY(bytes)   MEMORY%   
lserfilippi-fgiorgi-1   321m         4%     8526Mi          53%       
lserfilippi-fgiorgi-2   418m         5%     1966Mi          25%       
lserfilippi-fgiorgi-3   56m          0%     1719Mi          21%       
lserfilippi-fgiorgi-4   52m          0%     1938Mi          24%       
Timestamp: 2025-03-11 16:12:29
NAME                    CPU(cores)   CPU%   MEMORY(bytes)   MEMORY%   
lserfilippi-fgiorgi-1   321m         4%     8526Mi          53%       
lserfilippi-fgiorgi-2   418m         5%     1966Mi          25%       
lserfilippi-fgiorgi-3   56m          0%     1719Mi          21%       
lserfilippi-fgiorgi-4   52m          0%     1938Mi          24%       
Timestamp: 2025-03-11 16:12:30
NAME                    CPU(cores)   CPU%   MEMORY(bytes)   MEMORY%   
lserfilippi-fgiorgi-1   321m         4%     8526Mi          53%       
lserfilippi-fgiorgi-2   418m         5%     1966Mi          25%       
lserfilippi-fgiorgi-3   56m          0%     1719Mi          21%       
lserfilippi-fgiorgi-4   52m          0%     1938Mi          24%       
Timestamp: 2025-03-11 16:12:31
NAME                    CPU(cores)   CPU%   MEMORY(bytes)   MEMORY%   
lserfilippi-fgiorgi-1   321m         4%     8526Mi          53%       
lserfilippi-fgiorgi-2   418m         5%     1966Mi          25%       
lserfilippi-fgiorgi-3   56m          0%     1719Mi          21%       
lserfilippi-fgiorgi-4   52m          0%     1938Mi          24%       
Timestamp: 2025-03-11 16:12:32
NAME                    CPU(cores)   CPU%   MEMORY(bytes)   MEMORY%   
lserfilippi-fgiorgi-1   321m         4%     8526Mi          53%       
lserfilippi-fgiorgi-2   418m         5%     1966Mi          25%       
lserfilippi-fgiorgi-3   56m          0%     1719Mi          21%       
lserfilippi-fgiorgi-4   52m          0%     1938Mi          24%       
Timestamp: 2025-03-11 16:12:33
NAME                    CPU(cores)   CPU%   MEMORY(bytes)   MEMORY%   
lserfilippi-fgiorgi-1   321m         4%     8526Mi          53%       
lserfilippi-fgiorgi-2   418m         5%     1966Mi          25%       
lserfilippi-fgiorgi-3   56m          0%     1719Mi          21%       
lserfilippi-fgiorgi-4   52m          0%     1938Mi          24%       
Timestamp: 2025-03-11 16:12:34
NAME                    CPU(cores)   CPU%   MEMORY(bytes)   MEMORY%   
lserfilippi-fgiorgi-1   321m         4%     8526Mi          53%       
lserfilippi-fgiorgi-2   418m         5%     1966Mi          25%       
lserfilippi-fgiorgi-3   56m          0%     1719Mi          21%       
lserfilippi-fgiorgi-4   52m          0%     1938Mi          24%       
Timestamp: 2025-03-11 16:12:35
NAME                    CPU(cores)   CPU%   MEMORY(bytes)   MEMORY%   
lserfilippi-fgiorgi-1   321m         4%     8526Mi          53%       
lserfilippi-fgiorgi-2   418m         5%     1966Mi          25%       
lserfilippi-fgiorgi-3   56m          0%     1719Mi          21%       
lserfilippi-fgiorgi-4   52m          0%     1938Mi          24%       
Timestamp: 2025-03-11 16:12:36
NAME                    CPU(cores)   CPU%   MEMORY(bytes)   MEMORY%   
lserfilippi-fgiorgi-1   321m         4%     8526Mi          53%       
lserfilippi-fgiorgi-2   418m         5%     1966Mi          25%       
lserfilippi-fgiorgi-3   56m          0%     1719Mi          21%       
lserfilippi-fgiorgi-4   52m          0%     1938Mi          24%       
Timestamp: 2025-03-11 16:12:37
NAME                    CPU(cores)   CPU%   MEMORY(bytes)   MEMORY%   
lserfilippi-fgiorgi-1   429m         5%     8527Mi          53%       
lserfilippi-fgiorgi-2   686m         8%     1965Mi          24%       
lserfilippi-fgiorgi-3   48m          0%     1720Mi          21%       
lserfilippi-fgiorgi-4   45m          0%     1938Mi          24%       
Timestamp: 2025-03-11 16:12:39
NAME                    CPU(cores)   CPU%   MEMORY(bytes)   MEMORY%   
lserfilippi-fgiorgi-1   429m         5%     8527Mi          53%       
lserfilippi-fgiorgi-2   686m         8%     1965Mi          24%       
lserfilippi-fgiorgi-3   48m          0%     1720Mi          21%       
lserfilippi-fgiorgi-4   45m          0%     1938Mi          24%       
Timestamp: 2025-03-11 16:12:40
NAME                    CPU(cores)   CPU%   MEMORY(bytes)   MEMORY%   
lserfilippi-fgiorgi-1   429m         5%     8527Mi          53%       
lserfilippi-fgiorgi-2   686m         8%     1965Mi          24%       
lserfilippi-fgiorgi-3   48m          0%     1720Mi          21%       
lserfilippi-fgiorgi-4   45m          0%     1938Mi          24%       
Timestamp: 2025-03-11 16:12:41
NAME                    CPU(cores)   CPU%   MEMORY(bytes)   MEMORY%   
lserfilippi-fgiorgi-1   429m         5%     8527Mi          53%       
lserfilippi-fgiorgi-2   686m         8%     1965Mi          24%       
lserfilippi-fgiorgi-3   48m          0%     1720Mi          21%       
lserfilippi-fgiorgi-4   45m          0%     1938Mi          24%       
Timestamp: 2025-03-11 16:12:42
NAME                    CPU(cores)   CPU%   MEMORY(bytes)   MEMORY%   
lserfilippi-fgiorgi-1   429m         5%     8527Mi          53%       
lserfilippi-fgiorgi-2   686m         8%     1965Mi          24%       
lserfilippi-fgiorgi-3   48m          0%     1720Mi          21%       
lserfilippi-fgiorgi-4   45m          0%     1938Mi          24%       
Timestamp: 2025-03-11 16:12:43
NAME                    CPU(cores)   CPU%   MEMORY(bytes)   MEMORY%   
lserfilippi-fgiorgi-1   429m         5%     8527Mi          53%       
lserfilippi-fgiorgi-2   686m         8%     1965Mi          24%       
lserfilippi-fgiorgi-3   48m          0%     1720Mi          21%       
lserfilippi-fgiorgi-4   45m          0%     1938Mi          24%       
Timestamp: 2025-03-11 16:12:44
NAME                    CPU(cores)   CPU%   MEMORY(bytes)   MEMORY%   
lserfilippi-fgiorgi-1   429m         5%     8527Mi          53%       
lserfilippi-fgiorgi-2   686m         8%     1965Mi          24%       
lserfilippi-fgiorgi-3   48m          0%     1720Mi          21%       
lserfilippi-fgiorgi-4   45m          0%     1938Mi          24%       
Timestamp: 2025-03-11 16:12:45
NAME                    CPU(cores)   CPU%   MEMORY(bytes)   MEMORY%   
lserfilippi-fgiorgi-1   429m         5%     8527Mi          53%       
lserfilippi-fgiorgi-2   686m         8%     1965Mi          24%       
lserfilippi-fgiorgi-3   48m          0%     1720Mi          21%       
lserfilippi-fgiorgi-4   45m          0%     1938Mi          24%       
Timestamp: 2025-03-11 16:12:46
NAME                    CPU(cores)   CPU%   MEMORY(bytes)   MEMORY%   
lserfilippi-fgiorgi-1   429m         5%     8527Mi          53%       
lserfilippi-fgiorgi-2   686m         8%     1965Mi          24%       
lserfilippi-fgiorgi-3   48m          0%     1720Mi          21%       
lserfilippi-fgiorgi-4   45m          0%     1938Mi          24%       
Timestamp: 2025-03-11 16:12:47
NAME                    CPU(cores)   CPU%   MEMORY(bytes)   MEMORY%   
lserfilippi-fgiorgi-1   429m         5%     8527Mi          53%       
lserfilippi-fgiorgi-2   686m         8%     1965Mi          24%       
lserfilippi-fgiorgi-3   48m          0%     1720Mi          21%       
lserfilippi-fgiorgi-4   45m          0%     1938Mi          24%       
Timestamp: 2025-03-11 16:12:48
NAME                    CPU(cores)   CPU%   MEMORY(bytes)   MEMORY%   
lserfilippi-fgiorgi-1   429m         5%     8527Mi          53%       
lserfilippi-fgiorgi-2   686m         8%     1965Mi          24%       
lserfilippi-fgiorgi-3   48m          0%     1720Mi          21%       
lserfilippi-fgiorgi-4   45m          0%     1938Mi          24%       
Timestamp: 2025-03-11 16:12:49
NAME                    CPU(cores)   CPU%   MEMORY(bytes)   MEMORY%   
lserfilippi-fgiorgi-1   429m         5%     8527Mi          53%       
lserfilippi-fgiorgi-2   686m         8%     1965Mi          24%       
lserfilippi-fgiorgi-3   48m          0%     1720Mi          21%       
lserfilippi-fgiorgi-4   45m          0%     1938Mi          24%       
Timestamp: 2025-03-11 16:12:50
NAME                    CPU(cores)   CPU%   MEMORY(bytes)   MEMORY%   
lserfilippi-fgiorgi-1   429m         5%     8527Mi          53%       
lserfilippi-fgiorgi-2   686m         8%     1965Mi          24%       
lserfilippi-fgiorgi-3   48m          0%     1720Mi          21%       
lserfilippi-fgiorgi-4   45m          0%     1938Mi          24%       
Timestamp: 2025-03-11 16:12:51
NAME                    CPU(cores)   CPU%   MEMORY(bytes)   MEMORY%   
lserfilippi-fgiorgi-1   429m         5%     8527Mi          53%       
lserfilippi-fgiorgi-2   686m         8%     1965Mi          24%       
lserfilippi-fgiorgi-3   48m          0%     1720Mi          21%       
lserfilippi-fgiorgi-4   45m          0%     1938Mi          24%       
Timestamp: 2025-03-11 16:12:52
NAME                    CPU(cores)   CPU%   MEMORY(bytes)   MEMORY%   
lserfilippi-fgiorgi-1   429m         5%     8527Mi          53%       
lserfilippi-fgiorgi-2   686m         8%     1965Mi          24%       
lserfilippi-fgiorgi-3   48m          0%     1720Mi          21%       
lserfilippi-fgiorgi-4   45m          0%     1938Mi          24%       
Timestamp: 2025-03-11 16:12:53
NAME                    CPU(cores)   CPU%   MEMORY(bytes)   MEMORY%   
lserfilippi-fgiorgi-1   355m         4%     8527Mi          53%       
lserfilippi-fgiorgi-2   781m         9%     1966Mi          25%       
lserfilippi-fgiorgi-3   52m          0%     1719Mi          21%       
lserfilippi-fgiorgi-4   53m          0%     1938Mi          24%       
Timestamp: 2025-03-11 16:12:55
NAME                    CPU(cores)   CPU%   MEMORY(bytes)   MEMORY%   
lserfilippi-fgiorgi-1   355m         4%     8527Mi          53%       
lserfilippi-fgiorgi-2   781m         9%     1966Mi          25%       
lserfilippi-fgiorgi-3   52m          0%     1719Mi          21%       
lserfilippi-fgiorgi-4   53m          0%     1938Mi          24%       
Timestamp: 2025-03-11 16:12:56
NAME                    CPU(cores)   CPU%   MEMORY(bytes)   MEMORY%   
lserfilippi-fgiorgi-1   355m         4%     8527Mi          53%       
lserfilippi-fgiorgi-2   781m         9%     1966Mi          25%       
lserfilippi-fgiorgi-3   52m          0%     1719Mi          21%       
lserfilippi-fgiorgi-4   53m          0%     1938Mi          24%       
Timestamp: 2025-03-11 16:12:57
NAME                    CPU(cores)   CPU%   MEMORY(bytes)   MEMORY%   
lserfilippi-fgiorgi-1   355m         4%     8527Mi          53%       
lserfilippi-fgiorgi-2   781m         9%     1966Mi          25%       
lserfilippi-fgiorgi-3   52m          0%     1719Mi          21%       
lserfilippi-fgiorgi-4   53m          0%     1938Mi          24%       
Timestamp: 2025-03-11 16:12:58
NAME                    CPU(cores)   CPU%   MEMORY(bytes)   MEMORY%   
lserfilippi-fgiorgi-1   355m         4%     8527Mi          53%       
lserfilippi-fgiorgi-2   781m         9%     1966Mi          25%       
lserfilippi-fgiorgi-3   52m          0%     1719Mi          21%       
lserfilippi-fgiorgi-4   53m          0%     1938Mi          24%       
Timestamp: 2025-03-11 16:12:59
NAME                    CPU(cores)   CPU%   MEMORY(bytes)   MEMORY%   
lserfilippi-fgiorgi-1   355m         4%     8527Mi          53%       
lserfilippi-fgiorgi-2   781m         9%     1966Mi          25%       
lserfilippi-fgiorgi-3   52m          0%     1719Mi          21%       
lserfilippi-fgiorgi-4   53m          0%     1938Mi          24%       
Timestamp: 2025-03-11 16:13:00
NAME                    CPU(cores)   CPU%   MEMORY(bytes)   MEMORY%   
lserfilippi-fgiorgi-1   355m         4%     8527Mi          53%       
lserfilippi-fgiorgi-2   781m         9%     1966Mi          25%       
lserfilippi-fgiorgi-3   52m          0%     1719Mi          21%       
lserfilippi-fgiorgi-4   53m          0%     1938Mi          24%       
Timestamp: 2025-03-11 16:13:01
NAME                    CPU(cores)   CPU%   MEMORY(bytes)   MEMORY%   
lserfilippi-fgiorgi-1   355m         4%     8527Mi          53%       
lserfilippi-fgiorgi-2   781m         9%     1966Mi          25%       
lserfilippi-fgiorgi-3   52m          0%     1719Mi          21%       
lserfilippi-fgiorgi-4   53m          0%     1938Mi          24%       
Timestamp: 2025-03-11 16:13:02
NAME                    CPU(cores)   CPU%   MEMORY(bytes)   MEMORY%   
lserfilippi-fgiorgi-1   355m         4%     8527Mi          53%       
lserfilippi-fgiorgi-2   781m         9%     1966Mi          25%       
lserfilippi-fgiorgi-3   52m          0%     1719Mi          21%       
lserfilippi-fgiorgi-4   53m          0%     1938Mi          24%       
Timestamp: 2025-03-11 16:13:03
NAME                    CPU(cores)   CPU%   MEMORY(bytes)   MEMORY%   
lserfilippi-fgiorgi-1   355m         4%     8527Mi          53%       
lserfilippi-fgiorgi-2   781m         9%     1966Mi          25%       
lserfilippi-fgiorgi-3   52m          0%     1719Mi          21%       
lserfilippi-fgiorgi-4   53m          0%     1938Mi          24%       
Timestamp: 2025-03-11 16:13:04
NAME                    CPU(cores)   CPU%   MEMORY(bytes)   MEMORY%   
lserfilippi-fgiorgi-1   355m         4%     8527Mi          53%       
lserfilippi-fgiorgi-2   781m         9%     1966Mi          25%       
lserfilippi-fgiorgi-3   52m          0%     1719Mi          21%       
lserfilippi-fgiorgi-4   53m          0%     1938Mi          24%       
Timestamp: 2025-03-11 16:13:05
NAME                    CPU(cores)   CPU%   MEMORY(bytes)   MEMORY%   
lserfilippi-fgiorgi-1   355m         4%     8527Mi          53%       
lserfilippi-fgiorgi-2   781m         9%     1966Mi          25%       
lserfilippi-fgiorgi-3   52m          0%     1719Mi          21%       
lserfilippi-fgiorgi-4   53m          0%     1938Mi          24%       
Timestamp: 2025-03-11 16:13:06
NAME                    CPU(cores)   CPU%   MEMORY(bytes)   MEMORY%   
lserfilippi-fgiorgi-1   355m         4%     8527Mi          53%       
lserfilippi-fgiorgi-2   781m         9%     1966Mi          25%       
lserfilippi-fgiorgi-3   52m          0%     1719Mi          21%       
lserfilippi-fgiorgi-4   53m          0%     1938Mi          24%       
Timestamp: 2025-03-11 16:13:07
NAME                    CPU(cores)   CPU%   MEMORY(bytes)   MEMORY%   
lserfilippi-fgiorgi-1   355m         4%     8527Mi          53%       
lserfilippi-fgiorgi-2   781m         9%     1966Mi          25%       
lserfilippi-fgiorgi-3   52m          0%     1719Mi          21%       
lserfilippi-fgiorgi-4   53m          0%     1938Mi          24%       
Timestamp: 2025-03-11 16:13:08
NAME                    CPU(cores)   CPU%   MEMORY(bytes)   MEMORY%   
lserfilippi-fgiorgi-1   342m         4%     8528Mi          53%       
lserfilippi-fgiorgi-2   648m         8%     1965Mi          24%       
lserfilippi-fgiorgi-3   43m          0%     1719Mi          21%       
lserfilippi-fgiorgi-4   51m          0%     1938Mi          24%       
Timestamp: 2025-03-11 16:13:10
NAME                    CPU(cores)   CPU%   MEMORY(bytes)   MEMORY%   
lserfilippi-fgiorgi-1   342m         4%     8528Mi          53%       
lserfilippi-fgiorgi-2   648m         8%     1965Mi          24%       
lserfilippi-fgiorgi-3   43m          0%     1719Mi          21%       
lserfilippi-fgiorgi-4   51m          0%     1938Mi          24%       
Timestamp: 2025-03-11 16:13:11
NAME                    CPU(cores)   CPU%   MEMORY(bytes)   MEMORY%   
lserfilippi-fgiorgi-1   342m         4%     8528Mi          53%       
lserfilippi-fgiorgi-2   648m         8%     1965Mi          24%       
lserfilippi-fgiorgi-3   43m          0%     1719Mi          21%       
lserfilippi-fgiorgi-4   51m          0%     1938Mi          24%       
Timestamp: 2025-03-11 16:13:12
NAME                    CPU(cores)   CPU%   MEMORY(bytes)   MEMORY%   
lserfilippi-fgiorgi-1   342m         4%     8528Mi          53%       
lserfilippi-fgiorgi-2   648m         8%     1965Mi          24%       
lserfilippi-fgiorgi-3   43m          0%     1719Mi          21%       
lserfilippi-fgiorgi-4   51m          0%     1938Mi          24%       
Timestamp: 2025-03-11 16:13:13
NAME                    CPU(cores)   CPU%   MEMORY(bytes)   MEMORY%   
lserfilippi-fgiorgi-1   342m         4%     8528Mi          53%       
lserfilippi-fgiorgi-2   648m         8%     1965Mi          24%       
lserfilippi-fgiorgi-3   43m          0%     1719Mi          21%       
lserfilippi-fgiorgi-4   51m          0%     1938Mi          24%       
Timestamp: 2025-03-11 16:13:14
NAME                    CPU(cores)   CPU%   MEMORY(bytes)   MEMORY%   
lserfilippi-fgiorgi-1   342m         4%     8528Mi          53%       
lserfilippi-fgiorgi-2   648m         8%     1965Mi          24%       
lserfilippi-fgiorgi-3   43m          0%     1719Mi          21%       
lserfilippi-fgiorgi-4   51m          0%     1938Mi          24%       
Timestamp: 2025-03-11 16:13:15
NAME                    CPU(cores)   CPU%   MEMORY(bytes)   MEMORY%   
lserfilippi-fgiorgi-1   342m         4%     8528Mi          53%       
lserfilippi-fgiorgi-2   648m         8%     1965Mi          24%       
lserfilippi-fgiorgi-3   43m          0%     1719Mi          21%       
lserfilippi-fgiorgi-4   51m          0%     1938Mi          24%       
Timestamp: 2025-03-11 16:13:16
NAME                    CPU(cores)   CPU%   MEMORY(bytes)   MEMORY%   
lserfilippi-fgiorgi-1   342m         4%     8528Mi          53%       
lserfilippi-fgiorgi-2   648m         8%     1965Mi          24%       
lserfilippi-fgiorgi-3   43m          0%     1719Mi          21%       
lserfilippi-fgiorgi-4   51m          0%     1938Mi          24%       
Timestamp: 2025-03-11 16:13:17
NAME                    CPU(cores)   CPU%   MEMORY(bytes)   MEMORY%   
lserfilippi-fgiorgi-1   342m         4%     8528Mi          53%       
lserfilippi-fgiorgi-2   648m         8%     1965Mi          24%       
lserfilippi-fgiorgi-3   43m          0%     1719Mi          21%       
lserfilippi-fgiorgi-4   51m          0%     1938Mi          24%       
Timestamp: 2025-03-11 16:13:18
NAME                    CPU(cores)   CPU%   MEMORY(bytes)   MEMORY%   
lserfilippi-fgiorgi-1   342m         4%     8528Mi          53%       
lserfilippi-fgiorgi-2   648m         8%     1965Mi          24%       
lserfilippi-fgiorgi-3   43m          0%     1719Mi          21%       
lserfilippi-fgiorgi-4   51m          0%     1938Mi          24%       
Timestamp: 2025-03-11 16:13:19
NAME                    CPU(cores)   CPU%   MEMORY(bytes)   MEMORY%   
lserfilippi-fgiorgi-1   342m         4%     8528Mi          53%       
lserfilippi-fgiorgi-2   648m         8%     1965Mi          24%       
lserfilippi-fgiorgi-3   43m          0%     1719Mi          21%       
lserfilippi-fgiorgi-4   51m          0%     1938Mi          24%       
Timestamp: 2025-03-11 16:13:20
NAME                    CPU(cores)   CPU%   MEMORY(bytes)   MEMORY%   
lserfilippi-fgiorgi-1   342m         4%     8528Mi          53%       
lserfilippi-fgiorgi-2   648m         8%     1965Mi          24%       
lserfilippi-fgiorgi-3   43m          0%     1719Mi          21%       
lserfilippi-fgiorgi-4   51m          0%     1938Mi          24%       
Timestamp: 2025-03-11 16:13:21
NAME                    CPU(cores)   CPU%   MEMORY(bytes)   MEMORY%   
lserfilippi-fgiorgi-1   342m         4%     8528Mi          53%       
lserfilippi-fgiorgi-2   648m         8%     1965Mi          24%       
lserfilippi-fgiorgi-3   43m          0%     1719Mi          21%       
lserfilippi-fgiorgi-4   51m          0%     1938Mi          24%       
Timestamp: 2025-03-11 16:13:22
NAME                    CPU(cores)   CPU%   MEMORY(bytes)   MEMORY%   
lserfilippi-fgiorgi-1   342m         4%     8528Mi          53%       
lserfilippi-fgiorgi-2   648m         8%     1965Mi          24%       
lserfilippi-fgiorgi-3   43m          0%     1719Mi          21%       
lserfilippi-fgiorgi-4   51m          0%     1938Mi          24%       
Timestamp: 2025-03-11 16:13:23
NAME                    CPU(cores)   CPU%   MEMORY(bytes)   MEMORY%   
lserfilippi-fgiorgi-1   386m         4%     8532Mi          53%       
lserfilippi-fgiorgi-2   666m         8%     1967Mi          25%       
lserfilippi-fgiorgi-3   50m          0%     1719Mi          21%       
lserfilippi-fgiorgi-4   55m          0%     1938Mi          24%       
Timestamp: 2025-03-11 16:13:24
NAME                    CPU(cores)   CPU%   MEMORY(bytes)   MEMORY%   
lserfilippi-fgiorgi-1   386m         4%     8532Mi          53%       
lserfilippi-fgiorgi-2   666m         8%     1967Mi          25%       
lserfilippi-fgiorgi-3   50m          0%     1719Mi          21%       
lserfilippi-fgiorgi-4   55m          0%     1938Mi          24%       
Timestamp: 2025-03-11 16:13:26
NAME                    CPU(cores)   CPU%   MEMORY(bytes)   MEMORY%   
lserfilippi-fgiorgi-1   386m         4%     8532Mi          53%       
lserfilippi-fgiorgi-2   666m         8%     1967Mi          25%       
lserfilippi-fgiorgi-3   50m          0%     1719Mi          21%       
lserfilippi-fgiorgi-4   55m          0%     1938Mi          24%       
Timestamp: 2025-03-11 16:13:27
NAME                    CPU(cores)   CPU%   MEMORY(bytes)   MEMORY%   
lserfilippi-fgiorgi-1   386m         4%     8532Mi          53%       
lserfilippi-fgiorgi-2   666m         8%     1967Mi          25%       
lserfilippi-fgiorgi-3   50m          0%     1719Mi          21%       
lserfilippi-fgiorgi-4   55m          0%     1938Mi          24%       
Timestamp: 2025-03-11 16:13:28
NAME                    CPU(cores)   CPU%   MEMORY(bytes)   MEMORY%   
lserfilippi-fgiorgi-1   386m         4%     8532Mi          53%       
lserfilippi-fgiorgi-2   666m         8%     1967Mi          25%       
lserfilippi-fgiorgi-3   50m          0%     1719Mi          21%       
lserfilippi-fgiorgi-4   55m          0%     1938Mi          24%       
Timestamp: 2025-03-11 16:13:29
NAME                    CPU(cores)   CPU%   MEMORY(bytes)   MEMORY%   
lserfilippi-fgiorgi-1   386m         4%     8532Mi          53%       
lserfilippi-fgiorgi-2   666m         8%     1967Mi          25%       
lserfilippi-fgiorgi-3   50m          0%     1719Mi          21%       
lserfilippi-fgiorgi-4   55m          0%     1938Mi          24%       
Timestamp: 2025-03-11 16:13:30
NAME                    CPU(cores)   CPU%   MEMORY(bytes)   MEMORY%   
lserfilippi-fgiorgi-1   386m         4%     8532Mi          53%       
lserfilippi-fgiorgi-2   666m         8%     1967Mi          25%       
lserfilippi-fgiorgi-3   50m          0%     1719Mi          21%       
lserfilippi-fgiorgi-4   55m          0%     1938Mi          24%       
Timestamp: 2025-03-11 16:13:31
NAME                    CPU(cores)   CPU%   MEMORY(bytes)   MEMORY%   
lserfilippi-fgiorgi-1   386m         4%     8532Mi          53%       
lserfilippi-fgiorgi-2   666m         8%     1967Mi          25%       
lserfilippi-fgiorgi-3   50m          0%     1719Mi          21%       
lserfilippi-fgiorgi-4   55m          0%     1938Mi          24%       
Timestamp: 2025-03-11 16:13:32
NAME                    CPU(cores)   CPU%   MEMORY(bytes)   MEMORY%   
lserfilippi-fgiorgi-1   386m         4%     8532Mi          53%       
lserfilippi-fgiorgi-2   666m         8%     1967Mi          25%       
lserfilippi-fgiorgi-3   50m          0%     1719Mi          21%       
lserfilippi-fgiorgi-4   55m          0%     1938Mi          24%       
Timestamp: 2025-03-11 16:13:33
NAME                    CPU(cores)   CPU%   MEMORY(bytes)   MEMORY%   
lserfilippi-fgiorgi-1   386m         4%     8532Mi          53%       
lserfilippi-fgiorgi-2   666m         8%     1967Mi          25%       
lserfilippi-fgiorgi-3   50m          0%     1719Mi          21%       
lserfilippi-fgiorgi-4   55m          0%     1938Mi          24%       
Timestamp: 2025-03-11 16:13:34
NAME                    CPU(cores)   CPU%   MEMORY(bytes)   MEMORY%   
lserfilippi-fgiorgi-1   386m         4%     8532Mi          53%       
lserfilippi-fgiorgi-2   666m         8%     1967Mi          25%       
lserfilippi-fgiorgi-3   50m          0%     1719Mi          21%       
lserfilippi-fgiorgi-4   55m          0%     1938Mi          24%       
Timestamp: 2025-03-11 16:13:35
NAME                    CPU(cores)   CPU%   MEMORY(bytes)   MEMORY%   
lserfilippi-fgiorgi-1   386m         4%     8532Mi          53%       
lserfilippi-fgiorgi-2   666m         8%     1967Mi          25%       
lserfilippi-fgiorgi-3   50m          0%     1719Mi          21%       
lserfilippi-fgiorgi-4   55m          0%     1938Mi          24%       
Timestamp: 2025-03-11 16:13:36
NAME                    CPU(cores)   CPU%   MEMORY(bytes)   MEMORY%   
lserfilippi-fgiorgi-1   386m         4%     8532Mi          53%       
lserfilippi-fgiorgi-2   666m         8%     1967Mi          25%       
lserfilippi-fgiorgi-3   50m          0%     1719Mi          21%       
lserfilippi-fgiorgi-4   55m          0%     1938Mi          24%       
Timestamp: 2025-03-11 16:13:37
NAME                    CPU(cores)   CPU%   MEMORY(bytes)   MEMORY%   
lserfilippi-fgiorgi-1   386m         4%     8532Mi          53%       
lserfilippi-fgiorgi-2   666m         8%     1967Mi          25%       
lserfilippi-fgiorgi-3   50m          0%     1719Mi          21%       
lserfilippi-fgiorgi-4   55m          0%     1938Mi          24%       
Timestamp: 2025-03-11 16:13:38
NAME                    CPU(cores)   CPU%   MEMORY(bytes)   MEMORY%   
lserfilippi-fgiorgi-1   337m         4%     8546Mi          53%       
lserfilippi-fgiorgi-2   733m         9%     1965Mi          24%       
lserfilippi-fgiorgi-3   47m          0%     1719Mi          21%       
lserfilippi-fgiorgi-4   55m          0%     1938Mi          24%       
Timestamp: 2025-03-11 16:13:39
NAME                    CPU(cores)   CPU%   MEMORY(bytes)   MEMORY%   
lserfilippi-fgiorgi-1   337m         4%     8546Mi          53%       
lserfilippi-fgiorgi-2   733m         9%     1965Mi          24%       
lserfilippi-fgiorgi-3   47m          0%     1719Mi          21%       
lserfilippi-fgiorgi-4   55m          0%     1938Mi          24%       
Timestamp: 2025-03-11 16:13:40
NAME                    CPU(cores)   CPU%   MEMORY(bytes)   MEMORY%   
lserfilippi-fgiorgi-1   337m         4%     8546Mi          53%       
lserfilippi-fgiorgi-2   733m         9%     1965Mi          24%       
lserfilippi-fgiorgi-3   47m          0%     1719Mi          21%       
lserfilippi-fgiorgi-4   55m          0%     1938Mi          24%       
Timestamp: 2025-03-11 16:13:42
NAME                    CPU(cores)   CPU%   MEMORY(bytes)   MEMORY%   
lserfilippi-fgiorgi-1   337m         4%     8546Mi          53%       
lserfilippi-fgiorgi-2   733m         9%     1965Mi          24%       
lserfilippi-fgiorgi-3   47m          0%     1719Mi          21%       
lserfilippi-fgiorgi-4   55m          0%     1938Mi          24%       
Timestamp: 2025-03-11 16:13:43
NAME                    CPU(cores)   CPU%   MEMORY(bytes)   MEMORY%   
lserfilippi-fgiorgi-1   337m         4%     8546Mi          53%       
lserfilippi-fgiorgi-2   733m         9%     1965Mi          24%       
lserfilippi-fgiorgi-3   47m          0%     1719Mi          21%       
lserfilippi-fgiorgi-4   55m          0%     1938Mi          24%       
Timestamp: 2025-03-11 16:13:44
NAME                    CPU(cores)   CPU%   MEMORY(bytes)   MEMORY%   
lserfilippi-fgiorgi-1   337m         4%     8546Mi          53%       
lserfilippi-fgiorgi-2   733m         9%     1965Mi          24%       
lserfilippi-fgiorgi-3   47m          0%     1719Mi          21%       
lserfilippi-fgiorgi-4   55m          0%     1938Mi          24%       
Timestamp: 2025-03-11 16:13:45
NAME                    CPU(cores)   CPU%   MEMORY(bytes)   MEMORY%   
lserfilippi-fgiorgi-1   337m         4%     8546Mi          53%       
lserfilippi-fgiorgi-2   733m         9%     1965Mi          24%       
lserfilippi-fgiorgi-3   47m          0%     1719Mi          21%       
lserfilippi-fgiorgi-4   55m          0%     1938Mi          24%       
Timestamp: 2025-03-11 16:13:46
NAME                    CPU(cores)   CPU%   MEMORY(bytes)   MEMORY%   
lserfilippi-fgiorgi-1   337m         4%     8546Mi          53%       
lserfilippi-fgiorgi-2   733m         9%     1965Mi          24%       
lserfilippi-fgiorgi-3   47m          0%     1719Mi          21%       
lserfilippi-fgiorgi-4   55m          0%     1938Mi          24%       
Timestamp: 2025-03-11 16:13:47
NAME                    CPU(cores)   CPU%   MEMORY(bytes)   MEMORY%   
lserfilippi-fgiorgi-1   337m         4%     8546Mi          53%       
lserfilippi-fgiorgi-2   733m         9%     1965Mi          24%       
lserfilippi-fgiorgi-3   47m          0%     1719Mi          21%       
lserfilippi-fgiorgi-4   55m          0%     1938Mi          24%       
Timestamp: 2025-03-11 16:13:48
NAME                    CPU(cores)   CPU%   MEMORY(bytes)   MEMORY%   
lserfilippi-fgiorgi-1   337m         4%     8546Mi          53%       
lserfilippi-fgiorgi-2   733m         9%     1965Mi          24%       
lserfilippi-fgiorgi-3   47m          0%     1719Mi          21%       
lserfilippi-fgiorgi-4   55m          0%     1938Mi          24%       
Timestamp: 2025-03-11 16:13:49
NAME                    CPU(cores)   CPU%   MEMORY(bytes)   MEMORY%   
lserfilippi-fgiorgi-1   337m         4%     8546Mi          53%       
lserfilippi-fgiorgi-2   733m         9%     1965Mi          24%       
lserfilippi-fgiorgi-3   47m          0%     1719Mi          21%       
lserfilippi-fgiorgi-4   55m          0%     1938Mi          24%       
Timestamp: 2025-03-11 16:13:50
NAME                    CPU(cores)   CPU%   MEMORY(bytes)   MEMORY%   
lserfilippi-fgiorgi-1   337m         4%     8546Mi          53%       
lserfilippi-fgiorgi-2   733m         9%     1965Mi          24%       
lserfilippi-fgiorgi-3   47m          0%     1719Mi          21%       
lserfilippi-fgiorgi-4   55m          0%     1938Mi          24%       
Timestamp: 2025-03-11 16:13:51
NAME                    CPU(cores)   CPU%   MEMORY(bytes)   MEMORY%   
lserfilippi-fgiorgi-1   337m         4%     8546Mi          53%       
lserfilippi-fgiorgi-2   733m         9%     1965Mi          24%       
lserfilippi-fgiorgi-3   47m          0%     1719Mi          21%       
lserfilippi-fgiorgi-4   55m          0%     1938Mi          24%       
Timestamp: 2025-03-11 16:13:52
NAME                    CPU(cores)   CPU%   MEMORY(bytes)   MEMORY%   
lserfilippi-fgiorgi-1   337m         4%     8546Mi          53%       
lserfilippi-fgiorgi-2   733m         9%     1965Mi          24%       
lserfilippi-fgiorgi-3   47m          0%     1719Mi          21%       
lserfilippi-fgiorgi-4   55m          0%     1938Mi          24%       
Timestamp: 2025-03-11 16:13:53
NAME                    CPU(cores)   CPU%   MEMORY(bytes)   MEMORY%   
lserfilippi-fgiorgi-1   353m         4%     8534Mi          53%       
lserfilippi-fgiorgi-2   703m         8%     1966Mi          25%       
lserfilippi-fgiorgi-3   46m          0%     1719Mi          21%       
lserfilippi-fgiorgi-4   41m          0%     1938Mi          24%       
Timestamp: 2025-03-11 16:13:54
NAME                    CPU(cores)   CPU%   MEMORY(bytes)   MEMORY%   
lserfilippi-fgiorgi-1   353m         4%     8534Mi          53%       
lserfilippi-fgiorgi-2   703m         8%     1966Mi          25%       
lserfilippi-fgiorgi-3   46m          0%     1719Mi          21%       
lserfilippi-fgiorgi-4   41m          0%     1938Mi          24%       
Timestamp: 2025-03-11 16:13:55
NAME                    CPU(cores)   CPU%   MEMORY(bytes)   MEMORY%   
lserfilippi-fgiorgi-1   353m         4%     8534Mi          53%       
lserfilippi-fgiorgi-2   703m         8%     1966Mi          25%       
lserfilippi-fgiorgi-3   46m          0%     1719Mi          21%       
lserfilippi-fgiorgi-4   41m          0%     1938Mi          24%       
Timestamp: 2025-03-11 16:13:57
NAME                    CPU(cores)   CPU%   MEMORY(bytes)   MEMORY%   
lserfilippi-fgiorgi-1   353m         4%     8534Mi          53%       
lserfilippi-fgiorgi-2   703m         8%     1966Mi          25%       
lserfilippi-fgiorgi-3   46m          0%     1719Mi          21%       
lserfilippi-fgiorgi-4   41m          0%     1938Mi          24%       
Timestamp: 2025-03-11 16:13:58
NAME                    CPU(cores)   CPU%   MEMORY(bytes)   MEMORY%   
lserfilippi-fgiorgi-1   353m         4%     8534Mi          53%       
lserfilippi-fgiorgi-2   703m         8%     1966Mi          25%       
lserfilippi-fgiorgi-3   46m          0%     1719Mi          21%       
lserfilippi-fgiorgi-4   41m          0%     1938Mi          24%       
Timestamp: 2025-03-11 16:13:59
NAME                    CPU(cores)   CPU%   MEMORY(bytes)   MEMORY%   
lserfilippi-fgiorgi-1   353m         4%     8534Mi          53%       
lserfilippi-fgiorgi-2   703m         8%     1966Mi          25%       
lserfilippi-fgiorgi-3   46m          0%     1719Mi          21%       
lserfilippi-fgiorgi-4   41m          0%     1938Mi          24%       
Timestamp: 2025-03-11 16:14:00
NAME                    CPU(cores)   CPU%   MEMORY(bytes)   MEMORY%   
lserfilippi-fgiorgi-1   353m         4%     8534Mi          53%       
lserfilippi-fgiorgi-2   703m         8%     1966Mi          25%       
lserfilippi-fgiorgi-3   46m          0%     1719Mi          21%       
lserfilippi-fgiorgi-4   41m          0%     1938Mi          24%       
Timestamp: 2025-03-11 16:14:01
NAME                    CPU(cores)   CPU%   MEMORY(bytes)   MEMORY%   
lserfilippi-fgiorgi-1   353m         4%     8534Mi          53%       
lserfilippi-fgiorgi-2   703m         8%     1966Mi          25%       
lserfilippi-fgiorgi-3   46m          0%     1719Mi          21%       
lserfilippi-fgiorgi-4   41m          0%     1938Mi          24%       
Timestamp: 2025-03-11 16:14:02
NAME                    CPU(cores)   CPU%   MEMORY(bytes)   MEMORY%   
lserfilippi-fgiorgi-1   353m         4%     8534Mi          53%       
lserfilippi-fgiorgi-2   703m         8%     1966Mi          25%       
lserfilippi-fgiorgi-3   46m          0%     1719Mi          21%       
lserfilippi-fgiorgi-4   41m          0%     1938Mi          24%       
Timestamp: 2025-03-11 16:14:03
NAME                    CPU(cores)   CPU%   MEMORY(bytes)   MEMORY%   
lserfilippi-fgiorgi-1   353m         4%     8534Mi          53%       
lserfilippi-fgiorgi-2   703m         8%     1966Mi          25%       
lserfilippi-fgiorgi-3   46m          0%     1719Mi          21%       
lserfilippi-fgiorgi-4   41m          0%     1938Mi          24%       
Timestamp: 2025-03-11 16:14:04
NAME                    CPU(cores)   CPU%   MEMORY(bytes)   MEMORY%   
lserfilippi-fgiorgi-1   353m         4%     8534Mi          53%       
lserfilippi-fgiorgi-2   703m         8%     1966Mi          25%       
lserfilippi-fgiorgi-3   46m          0%     1719Mi          21%       
lserfilippi-fgiorgi-4   41m          0%     1938Mi          24%       
Timestamp: 2025-03-11 16:14:05
NAME                    CPU(cores)   CPU%   MEMORY(bytes)   MEMORY%   
lserfilippi-fgiorgi-1   353m         4%     8534Mi          53%       
lserfilippi-fgiorgi-2   703m         8%     1966Mi          25%       
lserfilippi-fgiorgi-3   46m          0%     1719Mi          21%       
lserfilippi-fgiorgi-4   41m          0%     1938Mi          24%       
Timestamp: 2025-03-11 16:14:06
NAME                    CPU(cores)   CPU%   MEMORY(bytes)   MEMORY%   
lserfilippi-fgiorgi-1   353m         4%     8534Mi          53%       
lserfilippi-fgiorgi-2   703m         8%     1966Mi          25%       
lserfilippi-fgiorgi-3   46m          0%     1719Mi          21%       
lserfilippi-fgiorgi-4   41m          0%     1938Mi          24%       
Timestamp: 2025-03-11 16:14:07
NAME                    CPU(cores)   CPU%   MEMORY(bytes)   MEMORY%   
lserfilippi-fgiorgi-1   353m         4%     8534Mi          53%       
lserfilippi-fgiorgi-2   703m         8%     1966Mi          25%       
lserfilippi-fgiorgi-3   46m          0%     1719Mi          21%       
lserfilippi-fgiorgi-4   41m          0%     1938Mi          24%       
Timestamp: 2025-03-11 16:14:08
NAME                    CPU(cores)   CPU%   MEMORY(bytes)   MEMORY%   
lserfilippi-fgiorgi-1   354m         4%     8534Mi          53%       
lserfilippi-fgiorgi-2   807m         10%    1968Mi          25%       
lserfilippi-fgiorgi-3   47m          0%     1719Mi          21%       
lserfilippi-fgiorgi-4   55m          0%     1939Mi          24%       
Timestamp: 2025-03-11 16:14:09
NAME                    CPU(cores)   CPU%   MEMORY(bytes)   MEMORY%   
lserfilippi-fgiorgi-1   354m         4%     8534Mi          53%       
lserfilippi-fgiorgi-2   807m         10%    1968Mi          25%       
lserfilippi-fgiorgi-3   47m          0%     1719Mi          21%       
lserfilippi-fgiorgi-4   55m          0%     1939Mi          24%       
Timestamp: 2025-03-11 16:14:10
NAME                    CPU(cores)   CPU%   MEMORY(bytes)   MEMORY%   
lserfilippi-fgiorgi-1   354m         4%     8534Mi          53%       
lserfilippi-fgiorgi-2   807m         10%    1968Mi          25%       
lserfilippi-fgiorgi-3   47m          0%     1719Mi          21%       
lserfilippi-fgiorgi-4   55m          0%     1939Mi          24%       
Timestamp: 2025-03-11 16:14:11
NAME                    CPU(cores)   CPU%   MEMORY(bytes)   MEMORY%   
lserfilippi-fgiorgi-1   354m         4%     8534Mi          53%       
lserfilippi-fgiorgi-2   807m         10%    1968Mi          25%       
lserfilippi-fgiorgi-3   47m          0%     1719Mi          21%       
lserfilippi-fgiorgi-4   55m          0%     1939Mi          24%       
Timestamp: 2025-03-11 16:14:13
NAME                    CPU(cores)   CPU%   MEMORY(bytes)   MEMORY%   
lserfilippi-fgiorgi-1   354m         4%     8534Mi          53%       
lserfilippi-fgiorgi-2   807m         10%    1968Mi          25%       
lserfilippi-fgiorgi-3   47m          0%     1719Mi          21%       
lserfilippi-fgiorgi-4   55m          0%     1939Mi          24%       
Timestamp: 2025-03-11 16:14:14
NAME                    CPU(cores)   CPU%   MEMORY(bytes)   MEMORY%   
lserfilippi-fgiorgi-1   354m         4%     8534Mi          53%       
lserfilippi-fgiorgi-2   807m         10%    1968Mi          25%       
lserfilippi-fgiorgi-3   47m          0%     1719Mi          21%       
lserfilippi-fgiorgi-4   55m          0%     1939Mi          24%       
Timestamp: 2025-03-11 16:14:15
NAME                    CPU(cores)   CPU%   MEMORY(bytes)   MEMORY%   
lserfilippi-fgiorgi-1   354m         4%     8534Mi          53%       
lserfilippi-fgiorgi-2   807m         10%    1968Mi          25%       
lserfilippi-fgiorgi-3   47m          0%     1719Mi          21%       
lserfilippi-fgiorgi-4   55m          0%     1939Mi          24%       
Timestamp: 2025-03-11 16:14:16
NAME                    CPU(cores)   CPU%   MEMORY(bytes)   MEMORY%   
lserfilippi-fgiorgi-1   354m         4%     8534Mi          53%       
lserfilippi-fgiorgi-2   807m         10%    1968Mi          25%       
lserfilippi-fgiorgi-3   47m          0%     1719Mi          21%       
lserfilippi-fgiorgi-4   55m          0%     1939Mi          24%       
Timestamp: 2025-03-11 16:14:17
NAME                    CPU(cores)   CPU%   MEMORY(bytes)   MEMORY%   
lserfilippi-fgiorgi-1   354m         4%     8534Mi          53%       
lserfilippi-fgiorgi-2   807m         10%    1968Mi          25%       
lserfilippi-fgiorgi-3   47m          0%     1719Mi          21%       
lserfilippi-fgiorgi-4   55m          0%     1939Mi          24%       
Timestamp: 2025-03-11 16:14:18
NAME                    CPU(cores)   CPU%   MEMORY(bytes)   MEMORY%   
lserfilippi-fgiorgi-1   354m         4%     8534Mi          53%       
lserfilippi-fgiorgi-2   807m         10%    1968Mi          25%       
lserfilippi-fgiorgi-3   47m          0%     1719Mi          21%       
lserfilippi-fgiorgi-4   55m          0%     1939Mi          24%       
Timestamp: 2025-03-11 16:14:19
NAME                    CPU(cores)   CPU%   MEMORY(bytes)   MEMORY%   
lserfilippi-fgiorgi-1   354m         4%     8534Mi          53%       
lserfilippi-fgiorgi-2   807m         10%    1968Mi          25%       
lserfilippi-fgiorgi-3   47m          0%     1719Mi          21%       
lserfilippi-fgiorgi-4   55m          0%     1939Mi          24%       
Timestamp: 2025-03-11 16:14:20
NAME                    CPU(cores)   CPU%   MEMORY(bytes)   MEMORY%   
lserfilippi-fgiorgi-1   354m         4%     8534Mi          53%       
lserfilippi-fgiorgi-2   807m         10%    1968Mi          25%       
lserfilippi-fgiorgi-3   47m          0%     1719Mi          21%       
lserfilippi-fgiorgi-4   55m          0%     1939Mi          24%       
Timestamp: 2025-03-11 16:14:21
NAME                    CPU(cores)   CPU%   MEMORY(bytes)   MEMORY%   
lserfilippi-fgiorgi-1   354m         4%     8534Mi          53%       
lserfilippi-fgiorgi-2   807m         10%    1968Mi          25%       
lserfilippi-fgiorgi-3   47m          0%     1719Mi          21%       
lserfilippi-fgiorgi-4   55m          0%     1939Mi          24%       
Timestamp: 2025-03-11 16:14:22
NAME                    CPU(cores)   CPU%   MEMORY(bytes)   MEMORY%   
lserfilippi-fgiorgi-1   354m         4%     8534Mi          53%       
lserfilippi-fgiorgi-2   807m         10%    1968Mi          25%       
lserfilippi-fgiorgi-3   47m          0%     1719Mi          21%       
lserfilippi-fgiorgi-4   55m          0%     1939Mi          24%       
Timestamp: 2025-03-11 16:14:23
NAME                    CPU(cores)   CPU%   MEMORY(bytes)   MEMORY%   
lserfilippi-fgiorgi-1   377m         4%     8535Mi          53%       
lserfilippi-fgiorgi-2   886m         11%    1971Mi          25%       
lserfilippi-fgiorgi-3   54m          0%     1719Mi          21%       
lserfilippi-fgiorgi-4   52m          0%     1936Mi          24%       
Timestamp: 2025-03-11 16:14:24
NAME                    CPU(cores)   CPU%   MEMORY(bytes)   MEMORY%   
lserfilippi-fgiorgi-1   377m         4%     8535Mi          53%       
lserfilippi-fgiorgi-2   886m         11%    1971Mi          25%       
lserfilippi-fgiorgi-3   54m          0%     1719Mi          21%       
lserfilippi-fgiorgi-4   52m          0%     1936Mi          24%       
Timestamp: 2025-03-11 16:14:25
NAME                    CPU(cores)   CPU%   MEMORY(bytes)   MEMORY%   
lserfilippi-fgiorgi-1   377m         4%     8535Mi          53%       
lserfilippi-fgiorgi-2   886m         11%    1971Mi          25%       
lserfilippi-fgiorgi-3   54m          0%     1719Mi          21%       
lserfilippi-fgiorgi-4   52m          0%     1936Mi          24%       
Timestamp: 2025-03-11 16:14:26
NAME                    CPU(cores)   CPU%   MEMORY(bytes)   MEMORY%   
lserfilippi-fgiorgi-1   377m         4%     8535Mi          53%       
lserfilippi-fgiorgi-2   886m         11%    1971Mi          25%       
lserfilippi-fgiorgi-3   54m          0%     1719Mi          21%       
lserfilippi-fgiorgi-4   52m          0%     1936Mi          24%       
Timestamp: 2025-03-11 16:14:28
NAME                    CPU(cores)   CPU%   MEMORY(bytes)   MEMORY%   
lserfilippi-fgiorgi-1   377m         4%     8535Mi          53%       
lserfilippi-fgiorgi-2   886m         11%    1971Mi          25%       
lserfilippi-fgiorgi-3   54m          0%     1719Mi          21%       
lserfilippi-fgiorgi-4   52m          0%     1936Mi          24%       
Timestamp: 2025-03-11 16:14:29
NAME                    CPU(cores)   CPU%   MEMORY(bytes)   MEMORY%   
lserfilippi-fgiorgi-1   377m         4%     8535Mi          53%       
lserfilippi-fgiorgi-2   886m         11%    1971Mi          25%       
lserfilippi-fgiorgi-3   54m          0%     1719Mi          21%       
lserfilippi-fgiorgi-4   52m          0%     1936Mi          24%       
Timestamp: 2025-03-11 16:14:30
NAME                    CPU(cores)   CPU%   MEMORY(bytes)   MEMORY%   
lserfilippi-fgiorgi-1   377m         4%     8535Mi          53%       
lserfilippi-fgiorgi-2   886m         11%    1971Mi          25%       
lserfilippi-fgiorgi-3   54m          0%     1719Mi          21%       
lserfilippi-fgiorgi-4   52m          0%     1936Mi          24%       
Timestamp: 2025-03-11 16:14:31
NAME                    CPU(cores)   CPU%   MEMORY(bytes)   MEMORY%   
lserfilippi-fgiorgi-1   377m         4%     8535Mi          53%       
lserfilippi-fgiorgi-2   886m         11%    1971Mi          25%       
lserfilippi-fgiorgi-3   54m          0%     1719Mi          21%       
lserfilippi-fgiorgi-4   52m          0%     1936Mi          24%       
Timestamp: 2025-03-11 16:14:32
NAME                    CPU(cores)   CPU%   MEMORY(bytes)   MEMORY%   
lserfilippi-fgiorgi-1   377m         4%     8535Mi          53%       
lserfilippi-fgiorgi-2   886m         11%    1971Mi          25%       
lserfilippi-fgiorgi-3   54m          0%     1719Mi          21%       
lserfilippi-fgiorgi-4   52m          0%     1936Mi          24%       
Timestamp: 2025-03-11 16:14:33
NAME                    CPU(cores)   CPU%   MEMORY(bytes)   MEMORY%   
lserfilippi-fgiorgi-1   377m         4%     8535Mi          53%       
lserfilippi-fgiorgi-2   886m         11%    1971Mi          25%       
lserfilippi-fgiorgi-3   54m          0%     1719Mi          21%       
lserfilippi-fgiorgi-4   52m          0%     1936Mi          24%       
Timestamp: 2025-03-11 16:14:34
NAME                    CPU(cores)   CPU%   MEMORY(bytes)   MEMORY%   
lserfilippi-fgiorgi-1   377m         4%     8535Mi          53%       
lserfilippi-fgiorgi-2   886m         11%    1971Mi          25%       
lserfilippi-fgiorgi-3   54m          0%     1719Mi          21%       
lserfilippi-fgiorgi-4   52m          0%     1936Mi          24%       
Timestamp: 2025-03-11 16:14:35
NAME                    CPU(cores)   CPU%   MEMORY(bytes)   MEMORY%   
lserfilippi-fgiorgi-1   377m         4%     8535Mi          53%       
lserfilippi-fgiorgi-2   886m         11%    1971Mi          25%       
lserfilippi-fgiorgi-3   54m          0%     1719Mi          21%       
lserfilippi-fgiorgi-4   52m          0%     1936Mi          24%       
Timestamp: 2025-03-11 16:14:36
NAME                    CPU(cores)   CPU%   MEMORY(bytes)   MEMORY%   
lserfilippi-fgiorgi-1   377m         4%     8535Mi          53%       
lserfilippi-fgiorgi-2   886m         11%    1971Mi          25%       
lserfilippi-fgiorgi-3   54m          0%     1719Mi          21%       
lserfilippi-fgiorgi-4   52m          0%     1936Mi          24%       
Timestamp: 2025-03-11 16:14:37
NAME                    CPU(cores)   CPU%   MEMORY(bytes)   MEMORY%   
lserfilippi-fgiorgi-1   377m         4%     8535Mi          53%       
lserfilippi-fgiorgi-2   886m         11%    1971Mi          25%       
lserfilippi-fgiorgi-3   54m          0%     1719Mi          21%       
lserfilippi-fgiorgi-4   52m          0%     1936Mi          24%       
Timestamp: 2025-03-11 16:14:38
NAME                    CPU(cores)   CPU%   MEMORY(bytes)   MEMORY%   
lserfilippi-fgiorgi-1   390m         4%     8494Mi          53%       
lserfilippi-fgiorgi-2   811m         10%    1968Mi          25%       
lserfilippi-fgiorgi-3   52m          0%     1719Mi          21%       
lserfilippi-fgiorgi-4   67m          0%     1937Mi          24%       
Timestamp: 2025-03-11 16:14:39
NAME                    CPU(cores)   CPU%   MEMORY(bytes)   MEMORY%   
lserfilippi-fgiorgi-1   390m         4%     8494Mi          53%       
lserfilippi-fgiorgi-2   811m         10%    1968Mi          25%       
lserfilippi-fgiorgi-3   52m          0%     1719Mi          21%       
lserfilippi-fgiorgi-4   67m          0%     1937Mi          24%       
Timestamp: 2025-03-11 16:14:40
NAME                    CPU(cores)   CPU%   MEMORY(bytes)   MEMORY%   
lserfilippi-fgiorgi-1   390m         4%     8494Mi          53%       
lserfilippi-fgiorgi-2   811m         10%    1968Mi          25%       
lserfilippi-fgiorgi-3   52m          0%     1719Mi          21%       
lserfilippi-fgiorgi-4   67m          0%     1937Mi          24%       
Timestamp: 2025-03-11 16:14:42
NAME                    CPU(cores)   CPU%   MEMORY(bytes)   MEMORY%   
lserfilippi-fgiorgi-1   390m         4%     8494Mi          53%       
lserfilippi-fgiorgi-2   811m         10%    1968Mi          25%       
lserfilippi-fgiorgi-3   52m          0%     1719Mi          21%       
lserfilippi-fgiorgi-4   67m          0%     1937Mi          24%       
Timestamp: 2025-03-11 16:14:43
NAME                    CPU(cores)   CPU%   MEMORY(bytes)   MEMORY%   
lserfilippi-fgiorgi-1   390m         4%     8494Mi          53%       
lserfilippi-fgiorgi-2   811m         10%    1968Mi          25%       
lserfilippi-fgiorgi-3   52m          0%     1719Mi          21%       
lserfilippi-fgiorgi-4   67m          0%     1937Mi          24%       
Timestamp: 2025-03-11 16:14:44
NAME                    CPU(cores)   CPU%   MEMORY(bytes)   MEMORY%   
lserfilippi-fgiorgi-1   390m         4%     8494Mi          53%       
lserfilippi-fgiorgi-2   811m         10%    1968Mi          25%       
lserfilippi-fgiorgi-3   52m          0%     1719Mi          21%       
lserfilippi-fgiorgi-4   67m          0%     1937Mi          24%       
Timestamp: 2025-03-11 16:14:45
NAME                    CPU(cores)   CPU%   MEMORY(bytes)   MEMORY%   
lserfilippi-fgiorgi-1   390m         4%     8494Mi          53%       
lserfilippi-fgiorgi-2   811m         10%    1968Mi          25%       
lserfilippi-fgiorgi-3   52m          0%     1719Mi          21%       
lserfilippi-fgiorgi-4   67m          0%     1937Mi          24%       
Timestamp: 2025-03-11 16:14:46
NAME                    CPU(cores)   CPU%   MEMORY(bytes)   MEMORY%   
lserfilippi-fgiorgi-1   390m         4%     8494Mi          53%       
lserfilippi-fgiorgi-2   811m         10%    1968Mi          25%       
lserfilippi-fgiorgi-3   52m          0%     1719Mi          21%       
lserfilippi-fgiorgi-4   67m          0%     1937Mi          24%       
Timestamp: 2025-03-11 16:14:47
NAME                    CPU(cores)   CPU%   MEMORY(bytes)   MEMORY%   
lserfilippi-fgiorgi-1   390m         4%     8494Mi          53%       
lserfilippi-fgiorgi-2   811m         10%    1968Mi          25%       
lserfilippi-fgiorgi-3   52m          0%     1719Mi          21%       
lserfilippi-fgiorgi-4   67m          0%     1937Mi          24%       
Timestamp: 2025-03-11 16:14:48
NAME                    CPU(cores)   CPU%   MEMORY(bytes)   MEMORY%   
lserfilippi-fgiorgi-1   390m         4%     8494Mi          53%       
lserfilippi-fgiorgi-2   811m         10%    1968Mi          25%       
lserfilippi-fgiorgi-3   52m          0%     1719Mi          21%       
lserfilippi-fgiorgi-4   67m          0%     1937Mi          24%       
Timestamp: 2025-03-11 16:14:49
NAME                    CPU(cores)   CPU%   MEMORY(bytes)   MEMORY%   
lserfilippi-fgiorgi-1   390m         4%     8494Mi          53%       
lserfilippi-fgiorgi-2   811m         10%    1968Mi          25%       
lserfilippi-fgiorgi-3   52m          0%     1719Mi          21%       
lserfilippi-fgiorgi-4   67m          0%     1937Mi          24%       
Timestamp: 2025-03-11 16:14:50
NAME                    CPU(cores)   CPU%   MEMORY(bytes)   MEMORY%   
lserfilippi-fgiorgi-1   390m         4%     8494Mi          53%       
lserfilippi-fgiorgi-2   811m         10%    1968Mi          25%       
lserfilippi-fgiorgi-3   52m          0%     1719Mi          21%       
lserfilippi-fgiorgi-4   67m          0%     1937Mi          24%       
Timestamp: 2025-03-11 16:14:51
NAME                    CPU(cores)   CPU%   MEMORY(bytes)   MEMORY%   
lserfilippi-fgiorgi-1   390m         4%     8494Mi          53%       
lserfilippi-fgiorgi-2   811m         10%    1968Mi          25%       
lserfilippi-fgiorgi-3   52m          0%     1719Mi          21%       
lserfilippi-fgiorgi-4   67m          0%     1937Mi          24%       
Timestamp: 2025-03-11 16:14:52
NAME                    CPU(cores)   CPU%   MEMORY(bytes)   MEMORY%   
lserfilippi-fgiorgi-1   390m         4%     8494Mi          53%       
lserfilippi-fgiorgi-2   811m         10%    1968Mi          25%       
lserfilippi-fgiorgi-3   52m          0%     1719Mi          21%       
lserfilippi-fgiorgi-4   67m          0%     1937Mi          24%       
Timestamp: 2025-03-11 16:14:53
NAME                    CPU(cores)   CPU%   MEMORY(bytes)   MEMORY%   
lserfilippi-fgiorgi-1   215m         2%     8481Mi          53%       
lserfilippi-fgiorgi-2   65m          0%     1969Mi          25%       
lserfilippi-fgiorgi-3   42m          0%     1719Mi          21%       
lserfilippi-fgiorgi-4   68m          0%     1937Mi          24%       
Timestamp: 2025-03-11 16:14:54
NAME                    CPU(cores)   CPU%   MEMORY(bytes)   MEMORY%   
lserfilippi-fgiorgi-1   215m         2%     8481Mi          53%       
lserfilippi-fgiorgi-2   65m          0%     1969Mi          25%       
lserfilippi-fgiorgi-3   42m          0%     1719Mi          21%       
lserfilippi-fgiorgi-4   68m          0%     1937Mi          24%       
Timestamp: 2025-03-11 16:14:55
NAME                    CPU(cores)   CPU%   MEMORY(bytes)   MEMORY%   
lserfilippi-fgiorgi-1   215m         2%     8481Mi          53%       
lserfilippi-fgiorgi-2   65m          0%     1969Mi          25%       
lserfilippi-fgiorgi-3   42m          0%     1719Mi          21%       
lserfilippi-fgiorgi-4   68m          0%     1937Mi          24%       
Timestamp: 2025-03-11 16:14:57
NAME                    CPU(cores)   CPU%   MEMORY(bytes)   MEMORY%   
lserfilippi-fgiorgi-1   215m         2%     8481Mi          53%       
lserfilippi-fgiorgi-2   65m          0%     1969Mi          25%       
lserfilippi-fgiorgi-3   42m          0%     1719Mi          21%       
lserfilippi-fgiorgi-4   68m          0%     1937Mi          24%       
Timestamp: 2025-03-11 16:14:58
NAME                    CPU(cores)   CPU%   MEMORY(bytes)   MEMORY%   
lserfilippi-fgiorgi-1   215m         2%     8481Mi          53%       
lserfilippi-fgiorgi-2   65m          0%     1969Mi          25%       
lserfilippi-fgiorgi-3   42m          0%     1719Mi          21%       
lserfilippi-fgiorgi-4   68m          0%     1937Mi          24%       
Timestamp: 2025-03-11 16:14:59
NAME                    CPU(cores)   CPU%   MEMORY(bytes)   MEMORY%   
lserfilippi-fgiorgi-1   215m         2%     8481Mi          53%       
lserfilippi-fgiorgi-2   65m          0%     1969Mi          25%       
lserfilippi-fgiorgi-3   42m          0%     1719Mi          21%       
lserfilippi-fgiorgi-4   68m          0%     1937Mi          24%       
Timestamp: 2025-03-11 16:15:00
NAME                    CPU(cores)   CPU%   MEMORY(bytes)   MEMORY%   
lserfilippi-fgiorgi-1   215m         2%     8481Mi          53%       
lserfilippi-fgiorgi-2   65m          0%     1969Mi          25%       
lserfilippi-fgiorgi-3   42m          0%     1719Mi          21%       
lserfilippi-fgiorgi-4   68m          0%     1937Mi          24%       
Timestamp: 2025-03-11 16:15:01
NAME                    CPU(cores)   CPU%   MEMORY(bytes)   MEMORY%   
lserfilippi-fgiorgi-1   215m         2%     8481Mi          53%       
lserfilippi-fgiorgi-2   65m          0%     1969Mi          25%       
lserfilippi-fgiorgi-3   42m          0%     1719Mi          21%       
lserfilippi-fgiorgi-4   68m          0%     1937Mi          24%       
Timestamp: 2025-03-11 16:15:02
NAME                    CPU(cores)   CPU%   MEMORY(bytes)   MEMORY%   
lserfilippi-fgiorgi-1   215m         2%     8481Mi          53%       
lserfilippi-fgiorgi-2   65m          0%     1969Mi          25%       
lserfilippi-fgiorgi-3   42m          0%     1719Mi          21%       
lserfilippi-fgiorgi-4   68m          0%     1937Mi          24%       
Timestamp: 2025-03-11 16:15:03
NAME                    CPU(cores)   CPU%   MEMORY(bytes)   MEMORY%   
lserfilippi-fgiorgi-1   215m         2%     8481Mi          53%       
lserfilippi-fgiorgi-2   65m          0%     1969Mi          25%       
lserfilippi-fgiorgi-3   42m          0%     1719Mi          21%       
lserfilippi-fgiorgi-4   68m          0%     1937Mi          24%       
Timestamp: 2025-03-11 16:15:04
NAME                    CPU(cores)   CPU%   MEMORY(bytes)   MEMORY%   
lserfilippi-fgiorgi-1   215m         2%     8481Mi          53%       
lserfilippi-fgiorgi-2   65m          0%     1969Mi          25%       
lserfilippi-fgiorgi-3   42m          0%     1719Mi          21%       
lserfilippi-fgiorgi-4   68m          0%     1937Mi          24%       
Timestamp: 2025-03-11 16:15:05
NAME                    CPU(cores)   CPU%   MEMORY(bytes)   MEMORY%   
lserfilippi-fgiorgi-1   215m         2%     8481Mi          53%       
lserfilippi-fgiorgi-2   65m          0%     1969Mi          25%       
lserfilippi-fgiorgi-3   42m          0%     1719Mi          21%       
lserfilippi-fgiorgi-4   68m          0%     1937Mi          24%       
Timestamp: 2025-03-11 16:15:06
NAME                    CPU(cores)   CPU%   MEMORY(bytes)   MEMORY%   
lserfilippi-fgiorgi-1   215m         2%     8481Mi          53%       
lserfilippi-fgiorgi-2   65m          0%     1969Mi          25%       
lserfilippi-fgiorgi-3   42m          0%     1719Mi          21%       
lserfilippi-fgiorgi-4   68m          0%     1937Mi          24%       
Timestamp: 2025-03-11 16:15:07
NAME                    CPU(cores)   CPU%   MEMORY(bytes)   MEMORY%   
lserfilippi-fgiorgi-1   215m         2%     8481Mi          53%       
lserfilippi-fgiorgi-2   65m          0%     1969Mi          25%       
lserfilippi-fgiorgi-3   42m          0%     1719Mi          21%       
lserfilippi-fgiorgi-4   68m          0%     1937Mi          24%       
Timestamp: 2025-03-11 16:15:08
NAME                    CPU(cores)   CPU%   MEMORY(bytes)   MEMORY%   
lserfilippi-fgiorgi-1   249m         3%     8446Mi          53%       
lserfilippi-fgiorgi-2   44m          0%     1965Mi          24%       
lserfilippi-fgiorgi-3   43m          0%     1720Mi          21%       
lserfilippi-fgiorgi-4   47m          0%     1938Mi          24%       
Timestamp: 2025-03-11 16:15:09
NAME                    CPU(cores)   CPU%   MEMORY(bytes)   MEMORY%   
lserfilippi-fgiorgi-1   249m         3%     8446Mi          53%       
lserfilippi-fgiorgi-2   44m          0%     1965Mi          24%       
lserfilippi-fgiorgi-3   43m          0%     1720Mi          21%       
lserfilippi-fgiorgi-4   47m          0%     1938Mi          24%       
Timestamp: 2025-03-11 16:15:10
NAME                    CPU(cores)   CPU%   MEMORY(bytes)   MEMORY%   
lserfilippi-fgiorgi-1   249m         3%     8446Mi          53%       
lserfilippi-fgiorgi-2   44m          0%     1965Mi          24%       
lserfilippi-fgiorgi-3   43m          0%     1720Mi          21%       
lserfilippi-fgiorgi-4   47m          0%     1938Mi          24%       
Timestamp: 2025-03-11 16:15:11
NAME                    CPU(cores)   CPU%   MEMORY(bytes)   MEMORY%   
lserfilippi-fgiorgi-1   249m         3%     8446Mi          53%       
lserfilippi-fgiorgi-2   44m          0%     1965Mi          24%       
lserfilippi-fgiorgi-3   43m          0%     1720Mi          21%       
lserfilippi-fgiorgi-4   47m          0%     1938Mi          24%       
